{"/home/coderss/Escritorio/HU-NodeJS/src/config/dbconect.ts": {"path":"/home/coderss/Escritorio/HU-NodeJS/src/config/dbconect.ts","all":false,"statementMap":{"0":{"start":{"line":1,"column":0},"end":{"line":1,"column":38}},"1":{"start":{"line":2,"column":0},"end":{"line":2,"column":33}},"2":{"start":{"line":3,"column":0},"end":{"line":3,"column":0}},"3":{"start":{"line":4,"column":0},"end":{"line":4,"column":43}},"4":{"start":{"line":5,"column":0},"end":{"line":5,"column":0}},"5":{"start":{"line":6,"column":0},"end":{"line":6,"column":56}},"6":{"start":{"line":7,"column":0},"end":{"line":7,"column":84}},"7":{"start":{"line":8,"column":0},"end":{"line":8,"column":22}},"8":{"start":{"line":9,"column":0},"end":{"line":9,"column":19}},"9":{"start":{"line":10,"column":0},"end":{"line":10,"column":10}},"10":{"start":{"line":11,"column":0},"end":{"line":11,"column":62}},"11":{"start":{"line":12,"column":0},"end":{"line":12,"column":100}},"12":{"start":{"line":13,"column":0},"end":{"line":13,"column":6}},"13":{"start":{"line":14,"column":0},"end":{"line":14,"column":4}},"14":{"start":{"line":15,"column":0},"end":{"line":15,"column":59}},"15":{"start":{"line":16,"column":0},"end":{"line":16,"column":9}},"16":{"start":{"line":17,"column":0},"end":{"line":17,"column":83}},"17":{"start":{"line":18,"column":0},"end":{"line":18,"column":11}},"18":{"start":{"line":19,"column":0},"end":{"line":19,"column":19}},"19":{"start":{"line":20,"column":0},"end":{"line":20,"column":16}},"20":{"start":{"line":21,"column":0},"end":{"line":21,"column":4}},"21":{"start":{"line":22,"column":0},"end":{"line":22,"column":3}},"22":{"start":{"line":23,"column":0},"end":{"line":23,"column":0}},"23":{"start":{"line":24,"column":0},"end":{"line":24,"column":36}},"24":{"start":{"line":25,"column":0},"end":{"line":25,"column":28}},"25":{"start":{"line":26,"column":0},"end":{"line":26,"column":7}},"26":{"start":{"line":27,"column":0},"end":{"line":27,"column":35}},"27":{"start":{"line":28,"column":0},"end":{"line":28,"column":66}},"28":{"start":{"line":29,"column":0},"end":{"line":29,"column":97}},"29":{"start":{"line":30,"column":0},"end":{"line":30,"column":19}},"30":{"start":{"line":31,"column":0},"end":{"line":31,"column":60}},"31":{"start":{"line":32,"column":0},"end":{"line":32,"column":3}},"32":{"start":{"line":33,"column":0},"end":{"line":33,"column":1}},"33":{"start":{"line":34,"column":0},"end":{"line":34,"column":0}},"34":{"start":{"line":35,"column":0},"end":{"line":35,"column":32}}},"s":{"0":1,"1":1,"2":1,"3":1,"4":1,"5":1,"6":1,"7":1,"8":1,"9":1,"10":1,"11":1,"12":1,"13":1,"14":1,"15":1,"16":1,"17":1,"18":1,"19":1,"20":1,"21":1,"22":1,"23":1,"24":0,"25":0,"26":0,"27":0,"28":0,"29":0,"30":0,"31":0,"32":0,"33":1,"34":1},"branchMap":{},"b":{},"fnMap":{"0":{"name":"connectDB","decl":{"start":{"line":25,"column":0},"end":{"line":33,"column":1}},"loc":{"start":{"line":25,"column":0},"end":{"line":33,"column":1}},"line":25}},"f":{"0":0}}
,"/home/coderss/Escritorio/HU-NodeJS/src/controllers/customers.controller.ts": {"path":"/home/coderss/Escritorio/HU-NodeJS/src/controllers/customers.controller.ts","all":false,"statementMap":{"0":{"start":{"line":1,"column":0},"end":{"line":1,"column":49}},"1":{"start":{"line":2,"column":0},"end":{"line":2,"column":130}},"2":{"start":{"line":3,"column":0},"end":{"line":3,"column":0}},"3":{"start":{"line":4,"column":0},"end":{"line":4,"column":79}},"4":{"start":{"line":5,"column":0},"end":{"line":5,"column":37}},"5":{"start":{"line":6,"column":0},"end":{"line":6,"column":17}},"6":{"start":{"line":7,"column":0},"end":{"line":7,"column":2}},"7":{"start":{"line":8,"column":0},"end":{"line":8,"column":0}},"8":{"start":{"line":9,"column":0},"end":{"line":9,"column":77}},"9":{"start":{"line":10,"column":0},"end":{"line":10,"column":35}},"10":{"start":{"line":11,"column":0},"end":{"line":11,"column":41}},"11":{"start":{"line":12,"column":0},"end":{"line":12,"column":76}},"12":{"start":{"line":13,"column":0},"end":{"line":13,"column":17}},"13":{"start":{"line":14,"column":0},"end":{"line":14,"column":2}},"14":{"start":{"line":15,"column":0},"end":{"line":15,"column":0}},"15":{"start":{"line":16,"column":0},"end":{"line":16,"column":80}},"16":{"start":{"line":17,"column":0},"end":{"line":17,"column":7}},"17":{"start":{"line":18,"column":0},"end":{"line":18,"column":48}},"18":{"start":{"line":19,"column":0},"end":{"line":19,"column":31}},"19":{"start":{"line":20,"column":0},"end":{"line":20,"column":20}},"20":{"start":{"line":21,"column":0},"end":{"line":21,"column":79}},"21":{"start":{"line":22,"column":0},"end":{"line":22,"column":3}},"22":{"start":{"line":23,"column":0},"end":{"line":23,"column":2}},"23":{"start":{"line":24,"column":0},"end":{"line":24,"column":0}},"24":{"start":{"line":25,"column":0},"end":{"line":25,"column":80}},"25":{"start":{"line":26,"column":0},"end":{"line":26,"column":35}},"26":{"start":{"line":27,"column":0},"end":{"line":27,"column":7}},"27":{"start":{"line":28,"column":0},"end":{"line":28,"column":52}},"28":{"start":{"line":29,"column":0},"end":{"line":29,"column":19}},"29":{"start":{"line":30,"column":0},"end":{"line":30,"column":20}},"30":{"start":{"line":31,"column":0},"end":{"line":31,"column":36}},"31":{"start":{"line":32,"column":0},"end":{"line":32,"column":82}},"32":{"start":{"line":33,"column":0},"end":{"line":33,"column":3}},"33":{"start":{"line":34,"column":0},"end":{"line":34,"column":2}},"34":{"start":{"line":35,"column":0},"end":{"line":35,"column":0}},"35":{"start":{"line":36,"column":0},"end":{"line":36,"column":80}},"36":{"start":{"line":37,"column":0},"end":{"line":37,"column":35}},"37":{"start":{"line":38,"column":0},"end":{"line":38,"column":7}},"38":{"start":{"line":39,"column":0},"end":{"line":39,"column":29}},"39":{"start":{"line":40,"column":0},"end":{"line":40,"column":27}},"40":{"start":{"line":41,"column":0},"end":{"line":41,"column":20}},"41":{"start":{"line":42,"column":0},"end":{"line":42,"column":36}},"42":{"start":{"line":43,"column":0},"end":{"line":43,"column":82}},"43":{"start":{"line":44,"column":0},"end":{"line":44,"column":3}},"44":{"start":{"line":45,"column":0},"end":{"line":45,"column":2}}},"s":{"0":1,"1":1,"2":1,"3":1,"4":1,"5":1,"6":1,"7":1,"8":1,"9":2,"10":2,"11":2,"12":1,"13":1,"14":1,"15":1,"16":1,"17":1,"18":1,"19":1,"20":0,"21":0,"22":1,"23":1,"24":1,"25":1,"26":1,"27":1,"28":0,"29":1,"30":1,"31":1,"32":1,"33":1,"34":1,"35":1,"36":1,"37":1,"38":1,"39":1,"40":1,"41":0,"42":0,"43":0,"44":1},"branchMap":{"0":{"type":"branch","line":4,"loc":{"start":{"line":4,"column":38},"end":{"line":7,"column":2}},"locations":[{"start":{"line":4,"column":38},"end":{"line":7,"column":2}}]},"1":{"type":"branch","line":9,"loc":{"start":{"line":9,"column":37},"end":{"line":14,"column":2}},"locations":[{"start":{"line":9,"column":37},"end":{"line":14,"column":2}}]},"2":{"type":"branch","line":12,"loc":{"start":{"line":12,"column":13},"end":{"line":14,"column":2}},"locations":[{"start":{"line":12,"column":13},"end":{"line":14,"column":2}}]},"3":{"type":"branch","line":16,"loc":{"start":{"line":16,"column":40},"end":{"line":23,"column":2}},"locations":[{"start":{"line":16,"column":40},"end":{"line":23,"column":2}}]},"4":{"type":"branch","line":20,"loc":{"start":{"line":20,"column":4},"end":{"line":22,"column":3}},"locations":[{"start":{"line":20,"column":4},"end":{"line":22,"column":3}}]},"5":{"type":"branch","line":25,"loc":{"start":{"line":25,"column":40},"end":{"line":34,"column":2}},"locations":[{"start":{"line":25,"column":40},"end":{"line":34,"column":2}}]},"6":{"type":"branch","line":29,"loc":{"start":{"line":29,"column":-1},"end":{"line":30,"column":11}},"locations":[{"start":{"line":29,"column":-1},"end":{"line":30,"column":11}}]},"7":{"type":"branch","line":31,"loc":{"start":{"line":31,"column":28},"end":{"line":31,"column":35}},"locations":[{"start":{"line":31,"column":28},"end":{"line":31,"column":35}}]},"8":{"type":"branch","line":32,"loc":{"start":{"line":32,"column":49},"end":{"line":32,"column":78}},"locations":[{"start":{"line":32,"column":49},"end":{"line":32,"column":78}}]},"9":{"type":"branch","line":36,"loc":{"start":{"line":36,"column":40},"end":{"line":45,"column":2}},"locations":[{"start":{"line":36,"column":40},"end":{"line":45,"column":2}}]},"10":{"type":"branch","line":41,"loc":{"start":{"line":41,"column":4},"end":{"line":44,"column":3}},"locations":[{"start":{"line":41,"column":4},"end":{"line":44,"column":3}}]}},"b":{"0":[1],"1":[2],"2":[1],"3":[1],"4":[0],"5":[1],"6":[0],"7":[0],"8":[0],"9":[1],"10":[0]},"fnMap":{"0":{"name":"getCustomersController","decl":{"start":{"line":4,"column":38},"end":{"line":7,"column":2}},"loc":{"start":{"line":4,"column":38},"end":{"line":7,"column":2}},"line":4},"1":{"name":"getCustomerController","decl":{"start":{"line":9,"column":37},"end":{"line":14,"column":2}},"loc":{"start":{"line":9,"column":37},"end":{"line":14,"column":2}},"line":9},"2":{"name":"createCustomerController","decl":{"start":{"line":16,"column":40},"end":{"line":23,"column":2}},"loc":{"start":{"line":16,"column":40},"end":{"line":23,"column":2}},"line":16},"3":{"name":"updateCustomerController","decl":{"start":{"line":25,"column":40},"end":{"line":34,"column":2}},"loc":{"start":{"line":25,"column":40},"end":{"line":34,"column":2}},"line":25},"4":{"name":"deleteCustomerController","decl":{"start":{"line":36,"column":40},"end":{"line":45,"column":2}},"loc":{"start":{"line":36,"column":40},"end":{"line":45,"column":2}},"line":36}},"f":{"0":1,"1":2,"2":1,"3":1,"4":1}}
,"/home/coderss/Escritorio/HU-NodeJS/src/controllers/orders.controller.ts": {"path":"/home/coderss/Escritorio/HU-NodeJS/src/controllers/orders.controller.ts","all":false,"statementMap":{"0":{"start":{"line":1,"column":0},"end":{"line":1,"column":49}},"1":{"start":{"line":2,"column":0},"end":{"line":2,"column":72}},"2":{"start":{"line":3,"column":0},"end":{"line":3,"column":0}},"3":{"start":{"line":4,"column":0},"end":{"line":4,"column":77}},"4":{"start":{"line":5,"column":0},"end":{"line":5,"column":7}},"5":{"start":{"line":6,"column":0},"end":{"line":6,"column":46}},"6":{"start":{"line":7,"column":0},"end":{"line":7,"column":32}},"7":{"start":{"line":8,"column":0},"end":{"line":8,"column":20}},"8":{"start":{"line":9,"column":0},"end":{"line":9,"column":36}},"9":{"start":{"line":10,"column":0},"end":{"line":10,"column":79}},"10":{"start":{"line":11,"column":0},"end":{"line":11,"column":3}},"11":{"start":{"line":12,"column":0},"end":{"line":12,"column":2}},"12":{"start":{"line":13,"column":0},"end":{"line":13,"column":0}},"13":{"start":{"line":14,"column":0},"end":{"line":14,"column":76}},"14":{"start":{"line":15,"column":0},"end":{"line":15,"column":48}},"15":{"start":{"line":16,"column":0},"end":{"line":16,"column":7}},"16":{"start":{"line":17,"column":0},"end":{"line":17,"column":28}},"17":{"start":{"line":18,"column":0},"end":{"line":18,"column":77}},"18":{"start":{"line":19,"column":0},"end":{"line":19,"column":74}},"19":{"start":{"line":20,"column":0},"end":{"line":20,"column":45}},"20":{"start":{"line":21,"column":0},"end":{"line":21,"column":21}},"21":{"start":{"line":22,"column":0},"end":{"line":22,"column":20}},"22":{"start":{"line":23,"column":0},"end":{"line":23,"column":77}},"23":{"start":{"line":24,"column":0},"end":{"line":24,"column":3}},"24":{"start":{"line":25,"column":0},"end":{"line":25,"column":2}}},"s":{"0":1,"1":1,"2":1,"3":1,"4":2,"5":2,"6":1,"7":1,"8":1,"9":1,"10":1,"11":2,"12":1,"13":1,"14":1,"15":1,"16":1,"17":1,"18":1,"19":1,"20":1,"21":1,"22":0,"23":0,"24":1},"branchMap":{"0":{"type":"branch","line":4,"loc":{"start":{"line":4,"column":37},"end":{"line":12,"column":2}},"locations":[{"start":{"line":4,"column":37},"end":{"line":12,"column":2}}]},"1":{"type":"branch","line":7,"loc":{"start":{"line":7,"column":-1},"end":{"line":11,"column":3}},"locations":[{"start":{"line":7,"column":-1},"end":{"line":11,"column":3}}]},"2":{"type":"branch","line":9,"loc":{"start":{"line":9,"column":28},"end":{"line":9,"column":35}},"locations":[{"start":{"line":9,"column":28},"end":{"line":9,"column":35}}]},"3":{"type":"branch","line":10,"loc":{"start":{"line":10,"column":49},"end":{"line":10,"column":75}},"locations":[{"start":{"line":10,"column":49},"end":{"line":10,"column":75}}]},"4":{"type":"branch","line":14,"loc":{"start":{"line":14,"column":36},"end":{"line":25,"column":2}},"locations":[{"start":{"line":14,"column":36},"end":{"line":25,"column":2}}]},"5":{"type":"branch","line":19,"loc":{"start":{"line":19,"column":34},"end":{"line":19,"column":74}},"locations":[{"start":{"line":19,"column":34},"end":{"line":19,"column":74}}]},"6":{"type":"branch","line":22,"loc":{"start":{"line":22,"column":4},"end":{"line":24,"column":3}},"locations":[{"start":{"line":22,"column":4},"end":{"line":24,"column":3}}]}},"b":{"0":[2],"1":[1],"2":[0],"3":[0],"4":[1],"5":[0],"6":[0]},"fnMap":{"0":{"name":"createOrderController","decl":{"start":{"line":4,"column":37},"end":{"line":12,"column":2}},"loc":{"start":{"line":4,"column":37},"end":{"line":12,"column":2}},"line":4},"1":{"name":"listOrdersController","decl":{"start":{"line":14,"column":36},"end":{"line":25,"column":2}},"loc":{"start":{"line":14,"column":36},"end":{"line":25,"column":2}},"line":14}},"f":{"0":2,"1":1}}
,"/home/coderss/Escritorio/HU-NodeJS/src/controllers/products.controller.ts": {"path":"/home/coderss/Escritorio/HU-NodeJS/src/controllers/products.controller.ts","all":false,"statementMap":{"0":{"start":{"line":1,"column":0},"end":{"line":1,"column":49}},"1":{"start":{"line":2,"column":0},"end":{"line":2,"column":124}},"2":{"start":{"line":3,"column":0},"end":{"line":3,"column":0}},"3":{"start":{"line":4,"column":0},"end":{"line":4,"column":78}},"4":{"start":{"line":5,"column":0},"end":{"line":5,"column":36}},"5":{"start":{"line":6,"column":0},"end":{"line":6,"column":17}},"6":{"start":{"line":7,"column":0},"end":{"line":7,"column":2}},"7":{"start":{"line":8,"column":0},"end":{"line":8,"column":0}},"8":{"start":{"line":9,"column":0},"end":{"line":9,"column":76}},"9":{"start":{"line":10,"column":0},"end":{"line":10,"column":35}},"10":{"start":{"line":11,"column":0},"end":{"line":11,"column":40}},"11":{"start":{"line":12,"column":0},"end":{"line":12,"column":75}},"12":{"start":{"line":13,"column":0},"end":{"line":13,"column":17}},"13":{"start":{"line":14,"column":0},"end":{"line":14,"column":2}},"14":{"start":{"line":15,"column":0},"end":{"line":15,"column":0}},"15":{"start":{"line":16,"column":0},"end":{"line":16,"column":79}},"16":{"start":{"line":17,"column":0},"end":{"line":17,"column":7}},"17":{"start":{"line":18,"column":0},"end":{"line":18,"column":47}},"18":{"start":{"line":19,"column":0},"end":{"line":19,"column":31}},"19":{"start":{"line":20,"column":0},"end":{"line":20,"column":20}},"20":{"start":{"line":21,"column":0},"end":{"line":21,"column":36}},"21":{"start":{"line":22,"column":0},"end":{"line":22,"column":81}},"22":{"start":{"line":23,"column":0},"end":{"line":23,"column":3}},"23":{"start":{"line":24,"column":0},"end":{"line":24,"column":2}},"24":{"start":{"line":25,"column":0},"end":{"line":25,"column":0}},"25":{"start":{"line":26,"column":0},"end":{"line":26,"column":79}},"26":{"start":{"line":27,"column":0},"end":{"line":27,"column":35}},"27":{"start":{"line":28,"column":0},"end":{"line":28,"column":7}},"28":{"start":{"line":29,"column":0},"end":{"line":29,"column":51}},"29":{"start":{"line":30,"column":0},"end":{"line":30,"column":19}},"30":{"start":{"line":31,"column":0},"end":{"line":31,"column":20}},"31":{"start":{"line":32,"column":0},"end":{"line":32,"column":36}},"32":{"start":{"line":33,"column":0},"end":{"line":33,"column":81}},"33":{"start":{"line":34,"column":0},"end":{"line":34,"column":3}},"34":{"start":{"line":35,"column":0},"end":{"line":35,"column":2}},"35":{"start":{"line":36,"column":0},"end":{"line":36,"column":0}},"36":{"start":{"line":37,"column":0},"end":{"line":37,"column":79}},"37":{"start":{"line":38,"column":0},"end":{"line":38,"column":35}},"38":{"start":{"line":39,"column":0},"end":{"line":39,"column":7}},"39":{"start":{"line":40,"column":0},"end":{"line":40,"column":28}},"40":{"start":{"line":41,"column":0},"end":{"line":41,"column":27}},"41":{"start":{"line":42,"column":0},"end":{"line":42,"column":20}},"42":{"start":{"line":43,"column":0},"end":{"line":43,"column":36}},"43":{"start":{"line":44,"column":0},"end":{"line":44,"column":81}},"44":{"start":{"line":45,"column":0},"end":{"line":45,"column":3}},"45":{"start":{"line":46,"column":0},"end":{"line":46,"column":2}}},"s":{"0":1,"1":1,"2":1,"3":1,"4":1,"5":1,"6":1,"7":1,"8":1,"9":1,"10":1,"11":1,"12":0,"13":0,"14":1,"15":1,"16":2,"17":2,"18":1,"19":1,"20":1,"21":1,"22":1,"23":2,"24":1,"25":1,"26":1,"27":1,"28":1,"29":1,"30":1,"31":0,"32":0,"33":0,"34":1,"35":1,"36":1,"37":1,"38":1,"39":1,"40":1,"41":1,"42":0,"43":0,"44":0,"45":1},"branchMap":{"0":{"type":"branch","line":4,"loc":{"start":{"line":4,"column":37},"end":{"line":7,"column":2}},"locations":[{"start":{"line":4,"column":37},"end":{"line":7,"column":2}}]},"1":{"type":"branch","line":9,"loc":{"start":{"line":9,"column":36},"end":{"line":14,"column":2}},"locations":[{"start":{"line":9,"column":36},"end":{"line":14,"column":2}}]},"2":{"type":"branch","line":13,"loc":{"start":{"line":13,"column":-1},"end":{"line":14,"column":2}},"locations":[{"start":{"line":13,"column":-1},"end":{"line":14,"column":2}}]},"3":{"type":"branch","line":16,"loc":{"start":{"line":16,"column":39},"end":{"line":24,"column":2}},"locations":[{"start":{"line":16,"column":39},"end":{"line":24,"column":2}}]},"4":{"type":"branch","line":19,"loc":{"start":{"line":19,"column":-1},"end":{"line":23,"column":3}},"locations":[{"start":{"line":19,"column":-1},"end":{"line":23,"column":3}}]},"5":{"type":"branch","line":21,"loc":{"start":{"line":21,"column":28},"end":{"line":21,"column":35}},"locations":[{"start":{"line":21,"column":28},"end":{"line":21,"column":35}}]},"6":{"type":"branch","line":22,"loc":{"start":{"line":22,"column":49},"end":{"line":22,"column":77}},"locations":[{"start":{"line":22,"column":49},"end":{"line":22,"column":77}}]},"7":{"type":"branch","line":26,"loc":{"start":{"line":26,"column":39},"end":{"line":35,"column":2}},"locations":[{"start":{"line":26,"column":39},"end":{"line":35,"column":2}}]},"8":{"type":"branch","line":31,"loc":{"start":{"line":31,"column":4},"end":{"line":34,"column":3}},"locations":[{"start":{"line":31,"column":4},"end":{"line":34,"column":3}}]},"9":{"type":"branch","line":37,"loc":{"start":{"line":37,"column":39},"end":{"line":46,"column":2}},"locations":[{"start":{"line":37,"column":39},"end":{"line":46,"column":2}}]},"10":{"type":"branch","line":42,"loc":{"start":{"line":42,"column":4},"end":{"line":45,"column":3}},"locations":[{"start":{"line":42,"column":4},"end":{"line":45,"column":3}}]}},"b":{"0":[1],"1":[1],"2":[0],"3":[2],"4":[1],"5":[0],"6":[0],"7":[1],"8":[0],"9":[1],"10":[0]},"fnMap":{"0":{"name":"getProductsController","decl":{"start":{"line":4,"column":37},"end":{"line":7,"column":2}},"loc":{"start":{"line":4,"column":37},"end":{"line":7,"column":2}},"line":4},"1":{"name":"getProductController","decl":{"start":{"line":9,"column":36},"end":{"line":14,"column":2}},"loc":{"start":{"line":9,"column":36},"end":{"line":14,"column":2}},"line":9},"2":{"name":"createProductController","decl":{"start":{"line":16,"column":39},"end":{"line":24,"column":2}},"loc":{"start":{"line":16,"column":39},"end":{"line":24,"column":2}},"line":16},"3":{"name":"updateProductController","decl":{"start":{"line":26,"column":39},"end":{"line":35,"column":2}},"loc":{"start":{"line":26,"column":39},"end":{"line":35,"column":2}},"line":26},"4":{"name":"deleteProductController","decl":{"start":{"line":37,"column":39},"end":{"line":46,"column":2}},"loc":{"start":{"line":37,"column":39},"end":{"line":46,"column":2}},"line":37}},"f":{"0":1,"1":1,"2":2,"3":1,"4":1}}
,"/home/coderss/Escritorio/HU-NodeJS/src/services/customers.service.ts": {"path":"/home/coderss/Escritorio/HU-NodeJS/src/services/customers.service.ts","all":false,"statementMap":{"0":{"start":{"line":1,"column":0},"end":{"line":1,"column":50}},"1":{"start":{"line":2,"column":0},"end":{"line":2,"column":54}},"2":{"start":{"line":3,"column":0},"end":{"line":3,"column":95}},"3":{"start":{"line":4,"column":0},"end":{"line":4,"column":0}},"4":{"start":{"line":5,"column":0},"end":{"line":5,"column":64}},"5":{"start":{"line":6,"column":0},"end":{"line":6,"column":46}},"6":{"start":{"line":7,"column":0},"end":{"line":7,"column":73}},"7":{"start":{"line":8,"column":0},"end":{"line":8,"column":88}},"8":{"start":{"line":9,"column":0},"end":{"line":9,"column":133}},"9":{"start":{"line":10,"column":0},"end":{"line":10,"column":89}},"10":{"start":{"line":11,"column":0},"end":{"line":11,"column":53}},"11":{"start":{"line":12,"column":0},"end":{"line":12,"column":11}},"12":{"start":{"line":13,"column":0},"end":{"line":13,"column":74}},"13":{"start":{"line":14,"column":0},"end":{"line":14,"column":3}},"14":{"start":{"line":15,"column":0},"end":{"line":15,"column":23}},"15":{"start":{"line":16,"column":0},"end":{"line":16,"column":11}},"16":{"start":{"line":17,"column":0},"end":{"line":17,"column":2}},"17":{"start":{"line":18,"column":0},"end":{"line":18,"column":53}},"18":{"start":{"line":19,"column":0},"end":{"line":19,"column":53}},"19":{"start":{"line":20,"column":0},"end":{"line":20,"column":11}},"20":{"start":{"line":21,"column":0},"end":{"line":21,"column":74}},"21":{"start":{"line":22,"column":0},"end":{"line":22,"column":3}},"22":{"start":{"line":23,"column":0},"end":{"line":23,"column":20}},"23":{"start":{"line":24,"column":0},"end":{"line":24,"column":2}}},"s":{"0":1,"1":1,"2":1,"3":1,"4":1,"5":1,"6":1,"7":1,"8":1,"9":1,"10":2,"11":2,"12":1,"13":1,"14":1,"15":1,"16":1,"17":1,"18":2,"19":2,"20":1,"21":1,"22":1,"23":1},"branchMap":{"0":{"type":"branch","line":6,"loc":{"start":{"line":6,"column":18},"end":{"line":6,"column":45}},"locations":[{"start":{"line":6,"column":18},"end":{"line":6,"column":45}}]},"1":{"type":"branch","line":7,"loc":{"start":{"line":7,"column":29},"end":{"line":7,"column":72}},"locations":[{"start":{"line":7,"column":29},"end":{"line":7,"column":72}}]},"2":{"type":"branch","line":9,"loc":{"start":{"line":9,"column":30},"end":{"line":9,"column":132}},"locations":[{"start":{"line":9,"column":30},"end":{"line":9,"column":132}}]},"3":{"type":"branch","line":10,"loc":{"start":{"line":10,"column":30},"end":{"line":17,"column":2}},"locations":[{"start":{"line":10,"column":30},"end":{"line":17,"column":2}}]},"4":{"type":"branch","line":12,"loc":{"start":{"line":12,"column":10},"end":{"line":17,"column":2}},"locations":[{"start":{"line":12,"column":10},"end":{"line":17,"column":2}}]},"5":{"type":"branch","line":18,"loc":{"start":{"line":18,"column":30},"end":{"line":24,"column":2}},"locations":[{"start":{"line":18,"column":30},"end":{"line":24,"column":2}}]},"6":{"type":"branch","line":20,"loc":{"start":{"line":20,"column":10},"end":{"line":24,"column":2}},"locations":[{"start":{"line":20,"column":10},"end":{"line":24,"column":2}}]}},"b":{"0":[6],"1":[1],"2":[1],"3":[2],"4":[1],"5":[2],"6":[1]},"fnMap":{"0":{"name":"getModels","decl":{"start":{"line":6,"column":18},"end":{"line":6,"column":45}},"loc":{"start":{"line":6,"column":18},"end":{"line":6,"column":45}},"line":6},"1":{"name":"listCustomers","decl":{"start":{"line":7,"column":29},"end":{"line":7,"column":72}},"loc":{"start":{"line":7,"column":29},"end":{"line":7,"column":72}},"line":7},"2":{"name":"getCustomerById","decl":{"start":{"line":8,"column":31},"end":{"line":8,"column":87}},"loc":{"start":{"line":8,"column":31},"end":{"line":8,"column":87}},"line":8},"3":{"name":"createCustomer","decl":{"start":{"line":9,"column":30},"end":{"line":9,"column":132}},"loc":{"start":{"line":9,"column":30},"end":{"line":9,"column":132}},"line":9},"4":{"name":"updateCustomer","decl":{"start":{"line":10,"column":30},"end":{"line":17,"column":2}},"loc":{"start":{"line":10,"column":30},"end":{"line":17,"column":2}},"line":10},"5":{"name":"deleteCustomer","decl":{"start":{"line":18,"column":30},"end":{"line":24,"column":2}},"loc":{"start":{"line":18,"column":30},"end":{"line":24,"column":2}},"line":18}},"f":{"0":6,"1":1,"2":0,"3":1,"4":2,"5":2}}
,"/home/coderss/Escritorio/HU-NodeJS/src/services/orders.service.ts": {"path":"/home/coderss/Escritorio/HU-NodeJS/src/services/orders.service.ts","all":false,"statementMap":{"0":{"start":{"line":1,"column":0},"end":{"line":1,"column":50}},"1":{"start":{"line":2,"column":0},"end":{"line":2,"column":54}},"2":{"start":{"line":3,"column":0},"end":{"line":3,"column":68}},"3":{"start":{"line":4,"column":0},"end":{"line":4,"column":0}},"4":{"start":{"line":5,"column":0},"end":{"line":5,"column":55}},"5":{"start":{"line":6,"column":0},"end":{"line":6,"column":46}},"6":{"start":{"line":7,"column":0},"end":{"line":7,"column":0}},"7":{"start":{"line":8,"column":0},"end":{"line":8,"column":125}},"8":{"start":{"line":9,"column":0},"end":{"line":9,"column":33}},"9":{"start":{"line":10,"column":0},"end":{"line":10,"column":34}},"10":{"start":{"line":11,"column":0},"end":{"line":11,"column":73}},"11":{"start":{"line":12,"column":0},"end":{"line":12,"column":19}},"12":{"start":{"line":13,"column":0},"end":{"line":13,"column":94}},"13":{"start":{"line":14,"column":0},"end":{"line":14,"column":5}},"14":{"start":{"line":15,"column":0},"end":{"line":15,"column":40}},"15":{"start":{"line":16,"column":0},"end":{"line":16,"column":104}},"16":{"start":{"line":17,"column":0},"end":{"line":17,"column":5}},"17":{"start":{"line":18,"column":0},"end":{"line":18,"column":3}},"18":{"start":{"line":19,"column":0},"end":{"line":19,"column":46}},"19":{"start":{"line":20,"column":0},"end":{"line":20,"column":51}},"20":{"start":{"line":21,"column":0},"end":{"line":21,"column":133}},"21":{"start":{"line":22,"column":0},"end":{"line":22,"column":18}},"22":{"start":{"line":23,"column":0},"end":{"line":23,"column":36}},"23":{"start":{"line":24,"column":0},"end":{"line":24,"column":91}},"24":{"start":{"line":25,"column":0},"end":{"line":25,"column":104}},"25":{"start":{"line":26,"column":0},"end":{"line":26,"column":148}},"26":{"start":{"line":27,"column":0},"end":{"line":27,"column":103}},"27":{"start":{"line":28,"column":0},"end":{"line":28,"column":49}},"28":{"start":{"line":29,"column":0},"end":{"line":29,"column":5}},"29":{"start":{"line":30,"column":0},"end":{"line":30,"column":63}},"30":{"start":{"line":31,"column":0},"end":{"line":31,"column":17}},"31":{"start":{"line":32,"column":0},"end":{"line":32,"column":5}},"32":{"start":{"line":33,"column":0},"end":{"line":33,"column":2}},"33":{"start":{"line":34,"column":0},"end":{"line":34,"column":0}},"34":{"start":{"line":35,"column":0},"end":{"line":35,"column":93}},"35":{"start":{"line":36,"column":0},"end":{"line":36,"column":24}},"36":{"start":{"line":37,"column":0},"end":{"line":37,"column":67}},"37":{"start":{"line":38,"column":0},"end":{"line":38,"column":56}},"38":{"start":{"line":39,"column":0},"end":{"line":39,"column":27}},"39":{"start":{"line":40,"column":0},"end":{"line":40,"column":39}},"40":{"start":{"line":41,"column":0},"end":{"line":41,"column":17}},"41":{"start":{"line":42,"column":0},"end":{"line":42,"column":41}},"42":{"start":{"line":43,"column":0},"end":{"line":43,"column":28}},"43":{"start":{"line":44,"column":0},"end":{"line":44,"column":50}},"44":{"start":{"line":45,"column":0},"end":{"line":45,"column":9}},"45":{"start":{"line":46,"column":0},"end":{"line":46,"column":12}},"46":{"start":{"line":47,"column":0},"end":{"line":47,"column":7}},"47":{"start":{"line":48,"column":0},"end":{"line":48,"column":3}},"48":{"start":{"line":49,"column":0},"end":{"line":49,"column":37}},"49":{"start":{"line":50,"column":0},"end":{"line":50,"column":73}},"50":{"start":{"line":51,"column":0},"end":{"line":51,"column":10}},"51":{"start":{"line":52,"column":0},"end":{"line":52,"column":5}},"52":{"start":{"line":53,"column":0},"end":{"line":53,"column":2}}},"s":{"0":1,"1":1,"2":1,"3":1,"4":1,"5":1,"6":1,"7":1,"8":2,"9":2,"10":2,"11":2,"12":0,"13":0,"14":2,"15":1,"16":1,"17":2,"18":1,"19":1,"20":1,"21":1,"22":1,"23":1,"24":1,"25":1,"26":1,"27":1,"28":1,"29":1,"30":1,"31":1,"32":1,"33":1,"34":1,"35":1,"36":1,"37":1,"38":1,"39":0,"40":0,"41":0,"42":0,"43":0,"44":0,"45":0,"46":0,"47":0,"48":1,"49":1,"50":1,"51":1,"52":1},"branchMap":{"0":{"type":"branch","line":6,"loc":{"start":{"line":6,"column":18},"end":{"line":6,"column":45}},"locations":[{"start":{"line":6,"column":18},"end":{"line":6,"column":45}}]},"1":{"type":"branch","line":8,"loc":{"start":{"line":8,"column":27},"end":{"line":33,"column":2}},"locations":[{"start":{"line":8,"column":27},"end":{"line":33,"column":2}}]},"2":{"type":"branch","line":12,"loc":{"start":{"line":12,"column":18},"end":{"line":14,"column":5}},"locations":[{"start":{"line":12,"column":18},"end":{"line":14,"column":5}}]},"3":{"type":"branch","line":15,"loc":{"start":{"line":15,"column":39},"end":{"line":17,"column":5}},"locations":[{"start":{"line":15,"column":39},"end":{"line":17,"column":5}}]},"4":{"type":"branch","line":19,"loc":{"start":{"line":19,"column":-1},"end":{"line":33,"column":2}},"locations":[{"start":{"line":19,"column":-1},"end":{"line":33,"column":2}}]},"5":{"type":"branch","line":20,"loc":{"start":{"line":20,"column":37},"end":{"line":32,"column":3}},"locations":[{"start":{"line":20,"column":37},"end":{"line":32,"column":3}}]},"6":{"type":"branch","line":25,"loc":{"start":{"line":25,"column":16},"end":{"line":25,"column":104}},"locations":[{"start":{"line":25,"column":16},"end":{"line":25,"column":104}}]},"7":{"type":"branch","line":35,"loc":{"start":{"line":35,"column":26},"end":{"line":53,"column":2}},"locations":[{"start":{"line":35,"column":26},"end":{"line":53,"column":2}}]},"8":{"type":"branch","line":39,"loc":{"start":{"line":39,"column":26},"end":{"line":48,"column":3}},"locations":[{"start":{"line":39,"column":26},"end":{"line":48,"column":3}}]}},"b":{"0":[7],"1":[2],"2":[0],"3":[1],"4":[1],"5":[1],"6":[0],"7":[1],"8":[0]},"fnMap":{"0":{"name":"getModels","decl":{"start":{"line":6,"column":18},"end":{"line":6,"column":45}},"loc":{"start":{"line":6,"column":18},"end":{"line":6,"column":45}},"line":6},"1":{"name":"createOrder","decl":{"start":{"line":8,"column":27},"end":{"line":33,"column":2}},"loc":{"start":{"line":8,"column":27},"end":{"line":33,"column":2}},"line":8},"2":{"name":"listOrders","decl":{"start":{"line":35,"column":26},"end":{"line":53,"column":2}},"loc":{"start":{"line":35,"column":26},"end":{"line":53,"column":2}},"line":35}},"f":{"0":7,"1":2,"2":1}}
,"/home/coderss/Escritorio/HU-NodeJS/src/services/products.service.ts": {"path":"/home/coderss/Escritorio/HU-NodeJS/src/services/products.service.ts","all":false,"statementMap":{"0":{"start":{"line":1,"column":0},"end":{"line":1,"column":50}},"1":{"start":{"line":2,"column":0},"end":{"line":2,"column":54}},"2":{"start":{"line":3,"column":0},"end":{"line":3,"column":92}},"3":{"start":{"line":4,"column":0},"end":{"line":4,"column":0}},"4":{"start":{"line":5,"column":0},"end":{"line":5,"column":99}},"5":{"start":{"line":6,"column":0},"end":{"line":6,"column":46}},"6":{"start":{"line":7,"column":0},"end":{"line":7,"column":0}},"7":{"start":{"line":8,"column":0},"end":{"line":8,"column":71}},"8":{"start":{"line":9,"column":0},"end":{"line":9,"column":0}},"9":{"start":{"line":10,"column":0},"end":{"line":10,"column":86}},"10":{"start":{"line":11,"column":0},"end":{"line":11,"column":0}},"11":{"start":{"line":12,"column":0},"end":{"line":12,"column":74}},"12":{"start":{"line":13,"column":0},"end":{"line":13,"column":27}},"13":{"start":{"line":14,"column":0},"end":{"line":14,"column":18}},"14":{"start":{"line":15,"column":0},"end":{"line":15,"column":86}},"15":{"start":{"line":16,"column":0},"end":{"line":16,"column":17}},"16":{"start":{"line":17,"column":0},"end":{"line":17,"column":85}},"17":{"start":{"line":18,"column":0},"end":{"line":18,"column":5}},"18":{"start":{"line":19,"column":0},"end":{"line":19,"column":3}},"19":{"start":{"line":20,"column":0},"end":{"line":20,"column":65}},"20":{"start":{"line":21,"column":0},"end":{"line":21,"column":2}},"21":{"start":{"line":22,"column":0},"end":{"line":22,"column":0}},"22":{"start":{"line":23,"column":0},"end":{"line":23,"column":87}},"23":{"start":{"line":24,"column":0},"end":{"line":24,"column":55}},"24":{"start":{"line":25,"column":0},"end":{"line":25,"column":14}},"25":{"start":{"line":26,"column":0},"end":{"line":26,"column":73}},"26":{"start":{"line":27,"column":0},"end":{"line":27,"column":3}},"27":{"start":{"line":28,"column":0},"end":{"line":28,"column":45}},"28":{"start":{"line":29,"column":0},"end":{"line":29,"column":86}},"29":{"start":{"line":30,"column":0},"end":{"line":30,"column":17}},"30":{"start":{"line":31,"column":0},"end":{"line":31,"column":85}},"31":{"start":{"line":32,"column":0},"end":{"line":32,"column":5}},"32":{"start":{"line":33,"column":0},"end":{"line":33,"column":3}},"33":{"start":{"line":34,"column":0},"end":{"line":34,"column":26}},"34":{"start":{"line":35,"column":0},"end":{"line":35,"column":14}},"35":{"start":{"line":36,"column":0},"end":{"line":36,"column":2}},"36":{"start":{"line":37,"column":0},"end":{"line":37,"column":0}},"37":{"start":{"line":38,"column":0},"end":{"line":38,"column":52}},"38":{"start":{"line":39,"column":0},"end":{"line":39,"column":55}},"39":{"start":{"line":40,"column":0},"end":{"line":40,"column":14}},"40":{"start":{"line":41,"column":0},"end":{"line":41,"column":73}},"41":{"start":{"line":42,"column":0},"end":{"line":42,"column":3}},"42":{"start":{"line":43,"column":0},"end":{"line":43,"column":23}},"43":{"start":{"line":44,"column":0},"end":{"line":44,"column":2}}},"s":{"0":1,"1":1,"2":1,"3":1,"4":1,"5":1,"6":1,"7":1,"8":1,"9":1,"10":1,"11":1,"12":2,"13":2,"14":2,"15":2,"16":1,"17":1,"18":2,"19":1,"20":1,"21":1,"22":1,"23":3,"24":3,"25":1,"26":1,"27":3,"28":1,"29":1,"30":1,"31":1,"32":1,"33":1,"34":1,"35":1,"36":1,"37":1,"38":2,"39":2,"40":1,"41":1,"42":1,"43":1},"branchMap":{"0":{"type":"branch","line":6,"loc":{"start":{"line":6,"column":18},"end":{"line":6,"column":45}},"locations":[{"start":{"line":6,"column":18},"end":{"line":6,"column":45}}]},"1":{"type":"branch","line":8,"loc":{"start":{"line":8,"column":28},"end":{"line":8,"column":70}},"locations":[{"start":{"line":8,"column":28},"end":{"line":8,"column":70}}]},"2":{"type":"branch","line":12,"loc":{"start":{"line":12,"column":29},"end":{"line":21,"column":2}},"locations":[{"start":{"line":12,"column":29},"end":{"line":21,"column":2}}]},"3":{"type":"branch","line":16,"loc":{"start":{"line":16,"column":16},"end":{"line":18,"column":5}},"locations":[{"start":{"line":16,"column":16},"end":{"line":18,"column":5}}]},"4":{"type":"branch","line":20,"loc":{"start":{"line":20,"column":-1},"end":{"line":21,"column":2}},"locations":[{"start":{"line":20,"column":-1},"end":{"line":21,"column":2}}]},"5":{"type":"branch","line":23,"loc":{"start":{"line":23,"column":29},"end":{"line":36,"column":2}},"locations":[{"start":{"line":23,"column":29},"end":{"line":36,"column":2}}]},"6":{"type":"branch","line":25,"loc":{"start":{"line":25,"column":13},"end":{"line":27,"column":3}},"locations":[{"start":{"line":25,"column":13},"end":{"line":27,"column":3}}]},"7":{"type":"branch","line":28,"loc":{"start":{"line":28,"column":-1},"end":{"line":28,"column":42}},"locations":[{"start":{"line":28,"column":-1},"end":{"line":28,"column":42}}]},"8":{"type":"branch","line":28,"loc":{"start":{"line":28,"column":15},"end":{"line":28,"column":42}},"locations":[{"start":{"line":28,"column":15},"end":{"line":28,"column":42}}]},"9":{"type":"branch","line":28,"loc":{"start":{"line":28,"column":44},"end":{"line":36,"column":2}},"locations":[{"start":{"line":28,"column":44},"end":{"line":36,"column":2}}]},"10":{"type":"branch","line":38,"loc":{"start":{"line":38,"column":29},"end":{"line":44,"column":2}},"locations":[{"start":{"line":38,"column":29},"end":{"line":44,"column":2}}]},"11":{"type":"branch","line":40,"loc":{"start":{"line":40,"column":13},"end":{"line":44,"column":2}},"locations":[{"start":{"line":40,"column":13},"end":{"line":44,"column":2}}]}},"b":{"0":[10],"1":[1],"2":[2],"3":[1],"4":[1],"5":[3],"6":[1],"7":[2],"8":[1],"9":[1],"10":[2],"11":[1]},"fnMap":{"0":{"name":"getModels","decl":{"start":{"line":6,"column":18},"end":{"line":6,"column":45}},"loc":{"start":{"line":6,"column":18},"end":{"line":6,"column":45}},"line":6},"1":{"name":"listProducts","decl":{"start":{"line":8,"column":28},"end":{"line":8,"column":70}},"loc":{"start":{"line":8,"column":28},"end":{"line":8,"column":70}},"line":8},"2":{"name":"getProductById","decl":{"start":{"line":10,"column":30},"end":{"line":10,"column":85}},"loc":{"start":{"line":10,"column":30},"end":{"line":10,"column":85}},"line":10},"3":{"name":"createProduct","decl":{"start":{"line":12,"column":29},"end":{"line":21,"column":2}},"loc":{"start":{"line":12,"column":29},"end":{"line":21,"column":2}},"line":12},"4":{"name":"updateProduct","decl":{"start":{"line":23,"column":29},"end":{"line":36,"column":2}},"loc":{"start":{"line":23,"column":29},"end":{"line":36,"column":2}},"line":23},"5":{"name":"deleteProduct","decl":{"start":{"line":38,"column":29},"end":{"line":44,"column":2}},"loc":{"start":{"line":38,"column":29},"end":{"line":44,"column":2}},"line":38}},"f":{"0":10,"1":1,"2":0,"3":2,"4":3,"5":2}}
}
