TN:
SF:src/config/dbconect.ts
FN:25,connectDB
FNF:1
FNH:0
FNDA:0,connectDB
DA:1,1
DA:2,1
DA:3,1
DA:4,1
DA:5,1
DA:6,1
DA:7,1
DA:8,1
DA:9,1
DA:10,1
DA:11,1
DA:12,1
DA:13,1
DA:14,1
DA:15,1
DA:16,1
DA:17,1
DA:18,1
DA:19,1
DA:20,1
DA:21,1
DA:22,1
DA:23,1
DA:24,1
DA:25,0
DA:26,0
DA:27,0
DA:28,0
DA:29,0
DA:30,0
DA:31,0
DA:32,0
DA:33,0
DA:34,1
DA:35,1
LF:35
LH:26
BRF:0
BRH:0
end_of_record
TN:
SF:src/controllers/customers.controller.ts
FN:4,getCustomersController
FN:9,getCustomerController
FN:16,createCustomerController
FN:25,updateCustomerController
FN:36,deleteCustomerController
FNF:5
FNH:5
FNDA:1,getCustomersController
FNDA:2,getCustomerController
FNDA:1,createCustomerController
FNDA:1,updateCustomerController
FNDA:1,deleteCustomerController
DA:1,1
DA:2,1
DA:3,1
DA:4,1
DA:5,1
DA:6,1
DA:7,1
DA:8,1
DA:9,1
DA:10,2
DA:11,2
DA:12,2
DA:13,1
DA:14,1
DA:15,1
DA:16,1
DA:17,1
DA:18,1
DA:19,1
DA:20,1
DA:21,0
DA:22,0
DA:23,1
DA:24,1
DA:25,1
DA:26,1
DA:27,1
DA:28,1
DA:29,0
DA:30,1
DA:31,1
DA:32,1
DA:33,1
DA:34,1
DA:35,1
DA:36,1
DA:37,1
DA:38,1
DA:39,1
DA:40,1
DA:41,1
DA:42,0
DA:43,0
DA:44,0
DA:45,1
LF:45
LH:39
BRDA:4,0,0,1
BRDA:9,1,0,2
BRDA:12,2,0,1
BRDA:16,3,0,1
BRDA:20,4,0,0
BRDA:25,5,0,1
BRDA:29,6,0,0
BRDA:31,7,0,0
BRDA:32,8,0,0
BRDA:36,9,0,1
BRDA:41,10,0,0
BRF:11
BRH:6
end_of_record
TN:
SF:src/controllers/orders.controller.ts
FN:4,createOrderController
FN:14,listOrdersController
FNF:2
FNH:2
FNDA:2,createOrderController
FNDA:1,listOrdersController
DA:1,1
DA:2,1
DA:3,1
DA:4,1
DA:5,2
DA:6,2
DA:7,1
DA:8,1
DA:9,1
DA:10,1
DA:11,1
DA:12,2
DA:13,1
DA:14,1
DA:15,1
DA:16,1
DA:17,1
DA:18,1
DA:19,1
DA:20,1
DA:21,1
DA:22,1
DA:23,0
DA:24,0
DA:25,1
LF:25
LH:23
BRDA:4,0,0,2
BRDA:7,1,0,1
BRDA:9,2,0,0
BRDA:10,3,0,0
BRDA:14,4,0,1
BRDA:19,5,0,0
BRDA:22,6,0,0
BRF:7
BRH:3
end_of_record
TN:
SF:src/controllers/products.controller.ts
FN:4,getProductsController
FN:9,getProductController
FN:16,createProductController
FN:26,updateProductController
FN:37,deleteProductController
FNF:5
FNH:5
FNDA:1,getProductsController
FNDA:1,getProductController
FNDA:2,createProductController
FNDA:1,updateProductController
FNDA:1,deleteProductController
DA:1,1
DA:2,1
DA:3,1
DA:4,1
DA:5,1
DA:6,1
DA:7,1
DA:8,1
DA:9,1
DA:10,1
DA:11,1
DA:12,1
DA:13,0
DA:14,0
DA:15,1
DA:16,1
DA:17,2
DA:18,2
DA:19,1
DA:20,1
DA:21,1
DA:22,1
DA:23,1
DA:24,2
DA:25,1
DA:26,1
DA:27,1
DA:28,1
DA:29,1
DA:30,1
DA:31,1
DA:32,0
DA:33,0
DA:34,0
DA:35,1
DA:36,1
DA:37,1
DA:38,1
DA:39,1
DA:40,1
DA:41,1
DA:42,1
DA:43,0
DA:44,0
DA:45,0
DA:46,1
LF:46
LH:38
BRDA:4,0,0,1
BRDA:9,1,0,1
BRDA:13,2,0,0
BRDA:16,3,0,2
BRDA:19,4,0,1
BRDA:21,5,0,0
BRDA:22,6,0,0
BRDA:26,7,0,1
BRDA:31,8,0,0
BRDA:37,9,0,1
BRDA:42,10,0,0
BRF:11
BRH:6
end_of_record
TN:
SF:src/services/customers.service.ts
FN:6,getModels
FN:7,listCustomers
FN:8,getCustomerById
FN:9,createCustomer
FN:10,updateCustomer
FN:18,deleteCustomer
FNF:6
FNH:5
FNDA:6,getModels
FNDA:1,listCustomers
FNDA:0,getCustomerById
FNDA:1,createCustomer
FNDA:2,updateCustomer
FNDA:2,deleteCustomer
DA:1,1
DA:2,1
DA:3,1
DA:4,1
DA:5,1
DA:6,1
DA:7,1
DA:8,1
DA:9,1
DA:10,1
DA:11,2
DA:12,2
DA:13,1
DA:14,1
DA:15,1
DA:16,1
DA:17,1
DA:18,1
DA:19,2
DA:20,2
DA:21,1
DA:22,1
DA:23,1
DA:24,1
LF:24
LH:24
BRDA:6,0,0,6
BRDA:7,1,0,1
BRDA:9,2,0,1
BRDA:10,3,0,2
BRDA:12,4,0,1
BRDA:18,5,0,2
BRDA:20,6,0,1
BRF:7
BRH:7
end_of_record
TN:
SF:src/services/orders.service.ts
FN:6,getModels
FN:8,createOrder
FN:35,listOrders
FNF:3
FNH:3
FNDA:7,getModels
FNDA:2,createOrder
FNDA:1,listOrders
DA:1,1
DA:2,1
DA:3,1
DA:4,1
DA:5,1
DA:6,1
DA:7,1
DA:8,1
DA:9,2
DA:10,2
DA:11,2
DA:12,2
DA:13,0
DA:14,0
DA:15,2
DA:16,1
DA:17,1
DA:18,2
DA:19,1
DA:20,1
DA:21,1
DA:22,1
DA:23,1
DA:24,1
DA:25,1
DA:26,1
DA:27,1
DA:28,1
DA:29,1
DA:30,1
DA:31,1
DA:32,1
DA:33,1
DA:34,1
DA:35,1
DA:36,1
DA:37,1
DA:38,1
DA:39,1
DA:40,0
DA:41,0
DA:42,0
DA:43,0
DA:44,0
DA:45,0
DA:46,0
DA:47,0
DA:48,0
DA:49,1
DA:50,1
DA:51,1
DA:52,1
DA:53,1
LF:53
LH:42
BRDA:6,0,0,7
BRDA:8,1,0,2
BRDA:12,2,0,0
BRDA:15,3,0,1
BRDA:19,4,0,1
BRDA:20,5,0,1
BRDA:25,6,0,0
BRDA:35,7,0,1
BRDA:39,8,0,0
BRF:9
BRH:6
end_of_record
TN:
SF:src/services/products.service.ts
FN:6,getModels
FN:8,listProducts
FN:10,getProductById
FN:12,createProduct
FN:23,updateProduct
FN:38,deleteProduct
FNF:6
FNH:5
FNDA:10,getModels
FNDA:1,listProducts
FNDA:0,getProductById
FNDA:2,createProduct
FNDA:3,updateProduct
FNDA:2,deleteProduct
DA:1,1
DA:2,1
DA:3,1
DA:4,1
DA:5,1
DA:6,1
DA:7,1
DA:8,1
DA:9,1
DA:10,1
DA:11,1
DA:12,1
DA:13,2
DA:14,2
DA:15,2
DA:16,2
DA:17,1
DA:18,1
DA:19,2
DA:20,1
DA:21,1
DA:22,1
DA:23,1
DA:24,3
DA:25,3
DA:26,1
DA:27,1
DA:28,3
DA:29,1
DA:30,1
DA:31,1
DA:32,1
DA:33,1
DA:34,1
DA:35,1
DA:36,1
DA:37,1
DA:38,1
DA:39,2
DA:40,2
DA:41,1
DA:42,1
DA:43,1
DA:44,1
LF:44
LH:44
BRDA:6,0,0,10
BRDA:8,1,0,1
BRDA:12,2,0,2
BRDA:16,3,0,1
BRDA:20,4,0,1
BRDA:23,5,0,3
BRDA:25,6,0,1
BRDA:28,7,0,2
BRDA:28,8,0,1
BRDA:28,9,0,1
BRDA:38,10,0,2
BRDA:40,11,0,1
BRF:12
BRH:12
end_of_record
